<?xml version="1.0" encoding="UTF-8"?><testsuite failures="0" name="cucumber.runtime.formatter.JUnitFormatter" skipped="2" tests="8" time="129.111852">
<testcase classname="Lookup a friend from facebook friend list" name="Search for Friends" time="15.385024">
<system-out><![CDATA[Given User can log in to facebook using userid as "asmenterprise.llc@gmail.com" and password as "ctg310306".passed
And User profile has been loaded successfully...............................passed
When User will search for "Sunil C Patel"...................................passed
]]></system-out>
</testcase>
<testcase classname="Lookup a friend from facebook friend list" name="Timeline functionality verification" time="28.797564">
<system-out><![CDATA[Given User can log in to facebook using userid as "asmenterprise.llc@gmail.com" and password as "ctg310306".passed
And User profile has been loaded successfully...............................passed
When Navigate to "Timeline".................................................passed
And Verify header "Life Event" is present...................................passed
Then Verify "Work & Education" funtionality should work.....................passed
]]></system-out>
</testcase>
<testcase classname="Lookup a friend from facebook friend list" name="profilepage header verification" time="10.72273">
<system-out><![CDATA[Given User can log in to facebook using userid as "asmenterprise.llc@gmail.com" and password as "ctg310306".passed
And User profile has been loaded successfully...............................passed
Then Verify this header "Photos" is present.................................passed
]]></system-out>
</testcase>
<testcase classname="Lookup a friend from facebook friend list" name="More functionality verification" time="17.877041">
<system-out><![CDATA[Given User can log in to facebook using userid as "asmenterprise.llc@gmail.com" and password as "ctg310306".passed
And User profile has been loaded successfully...............................passed
And Navigate to "more"......................................................passed
Then verify more functionality is working...................................passed
]]></system-out>
</testcase>
<testcase classname="Lookup a friend from facebook friend list" name="Friends functionality verification" time="13.572559">
<system-out><![CDATA[Given User can log in to facebook using userid as "asmenterprise.llc@gmail.com" and password as "ctg310306".passed
And User profile has been loaded successfully...............................passed
And Navigate to "Friends"...................................................passed
And User will search for "Sunil C Patel"....................................passed
]]></system-out>
</testcase>
<testcase classname="Lookup a friend from facebook friend list" name="EditPost functionality verification" time="9.593231">
<skipped><![CDATA[Given User can log in to facebook using userid as "asmenterprise.llc@gmail.com" and password as "ctg310306".passed
And User profile has been loaded successfully...............................passed
When User will randomly select post.........................................undefined
Then "Hide From TimeLine" functionality should work.........................undefined
And "ChangeDate" functionality should work..................................undefined
And "Hide from timeline" functionality should work..........................undefined
]]></skipped>
</testcase>
<testcase classname="Lookup a friend from facebook friend list" name="MakePost functionality verification" time="8.877739">
<skipped><![CDATA[Given User can log in to facebook using userid as "asmenterprise.llc@gmail.com" and password as "ctg310306".passed
And User profile has been loaded successfully...............................passed
When User will make new post................................................undefined
Then It wil be visible in timeline..........................................undefined
]]></skipped>
</testcase>
<testcase classname="Lookup a friend from facebook friend list" name="About Functionality verification" time="24.285964">
<system-out><![CDATA[Given User can log in to facebook using userid as "asmenterprise.llc@gmail.com" and password as "ctg310306".passed
And User profile has been loaded successfully...............................passed
When Navigate to "About"....................................................passed
Then About tab has this feature option "Work and Education".................passed
]]></system-out>
</testcase>
</testsuite>
