<?xml version="1.0" encoding="UTF-8"?><testsuite failures="0" name="cucumber.runtime.formatter.JUnitFormatter" skipped="0" tests="5" time="38.245713">
<testcase classname="Lookup a definition" name="Looking up the definition of 'apple'" time="7.093941">
<system-out><![CDATA[Given the user is on the Wikionary home page................................passed
When the user looks up the definition of the word 'apple'...................passed
Then they should see the definition 'A common, round fruit produced by the tree Malus domestica, cultivated in temperate climates.'.passed
]]></system-out>
</testcase>
<testcase classname="Lookup a definition" name="Looking up the definition of 'pear'" time="5.830283">
<system-out><![CDATA[Given the user is on the Wikionary home page................................passed
When the user looks up the definition of the word 'pear'....................passed
Then they should see the definition 'An edible fruit produced by the pear tree, similar to an apple but elongated towards the stem.'.passed
]]></system-out>
</testcase>
<testcase classname="Lookup a definition" name="Looking up the definition of 'pear' 2" time="6.023556">
<system-out><![CDATA[Given the user is on the Wikionary home page................................passed
When the user looks up the definition of the word 'pear'....................passed
Then they should see the definition 'An edible fruit produced by the pear tree, similar to an apple but elongated towards the stem.'.passed
]]></system-out>
</testcase>
<testcase classname="Lookup a definition" name="Looking up the definition of 'pear' 3" time="6.084499">
<system-out><![CDATA[Given the user is on the Wikionary home page................................passed
When the user looks up the definition of the word 'pear'....................passed
Then they should see the definition 'An edible fruit produced by the pear tree, similar to an apple but elongated towards the stem.'.passed
]]></system-out>
</testcase>
<testcase classname="Lookup a friend from facebook friend list" name="Search for Friends" time="13.213434">
<system-out><![CDATA[Given User can log in to facebook using userid as "asmenterprise.llc@gmail.com" and password as "ctg310306".passed
And User profile has been loaded successfully...............................passed
When User will search for "Sunil C Patel"...................................passed
]]></system-out>
</testcase>
</testsuite>
