<?xml version="1.0" encoding="UTF-8"?><testsuite failures="0" name="cucumber.runtime.formatter.JUnitFormatter" skipped="2" tests="12" time="146.968015">
<testcase classname="Lookup a definition" name="Looking up the definition of 'apple'" time="8.729207">
<system-out><![CDATA[Given the user is on the Wikionary home page................................passed
When the user looks up the definition of the word 'apple'...................passed
Then they should see the definition 'A common, round fruit produced by the tree Malus domestica, cultivated in temperate climates.'.passed
]]></system-out>
</testcase>
<testcase classname="Lookup a definition" name="Looking up the definition of 'pear'" time="4.916263">
<system-out><![CDATA[Given the user is on the Wikionary home page................................passed
When the user looks up the definition of the word 'pear'....................passed
Then they should see the definition 'An edible fruit produced by the pear tree, similar to an apple but elongated towards the stem.'.passed
]]></system-out>
</testcase>
<testcase classname="Lookup a definition" name="Looking up the definition of 'pear' 2" time="4.943611">
<system-out><![CDATA[Given the user is on the Wikionary home page................................passed
When the user looks up the definition of the word 'pear'....................passed
Then they should see the definition 'An edible fruit produced by the pear tree, similar to an apple but elongated towards the stem.'.passed
]]></system-out>
</testcase>
<testcase classname="Lookup a definition" name="Looking up the definition of 'pear' 3" time="4.939603">
<system-out><![CDATA[Given the user is on the Wikionary home page................................passed
When the user looks up the definition of the word 'pear'....................passed
Then they should see the definition 'An edible fruit produced by the pear tree, similar to an apple but elongated towards the stem.'.passed
]]></system-out>
</testcase>
<testcase classname="Lookup a friend from facebook friend list" name="Search for Friends" time="10.997332">
<system-out><![CDATA[Given User can log in to facebook using userid as "asmenterprise.llc@gmail.com" and password as "ctg310306".passed
And User profile has been loaded successfully...............................passed
When User will search for "Sunil C Patel"...................................passed
]]></system-out>
</testcase>
<testcase classname="Lookup a friend from facebook friend list" name="Timeline functionality verification" time="29.420095">
<system-out><![CDATA[Given User can log in to facebook using userid as "asmenterprise.llc@gmail.com" and password as "ctg310306".passed
And User profile has been loaded successfully...............................passed
When Navigate to "Timeline".................................................passed
And Verify header "Life Event" is present...................................passed
Then Verify "Work & Education" funtionality should work.....................passed
]]></system-out>
</testcase>
<testcase classname="Lookup a friend from facebook friend list" name="profilepage header verification" time="10.434139">
<system-out><![CDATA[Given User can log in to facebook using userid as "asmenterprise.llc@gmail.com" and password as "ctg310306".passed
And User profile has been loaded successfully...............................passed
Then Verify this header "Photos" is present.................................passed
]]></system-out>
</testcase>
<testcase classname="Lookup a friend from facebook friend list" name="More functionality verification" time="18.036406">
<system-out><![CDATA[Given User can log in to facebook using userid as "asmenterprise.llc@gmail.com" and password as "ctg310306".passed
And User profile has been loaded successfully...............................passed
And Navigate to "more"......................................................passed
Then verify more functionality is working...................................passed
]]></system-out>
</testcase>
<testcase classname="Lookup a friend from facebook friend list" name="Friends functionality verification" time="13.359725">
<system-out><![CDATA[Given User can log in to facebook using userid as "asmenterprise.llc@gmail.com" and password as "ctg310306".passed
And User profile has been loaded successfully...............................passed
And Navigate to "Friends"...................................................passed
And User will search for "Sunil C Patel"....................................passed
]]></system-out>
</testcase>
<testcase classname="Lookup a friend from facebook friend list" name="EditPost functionality verification" time="9.145">
<skipped><![CDATA[Given User can log in to facebook using userid as "asmenterprise.llc@gmail.com" and password as "ctg310306".passed
And User profile has been loaded successfully...............................passed
When User will randomly select post.........................................undefined
Then "Hide From TimeLine" functionality should work.........................undefined
And "ChangeDate" functionality should work..................................undefined
And "Hide from timeline" functionality should work..........................undefined
]]></skipped>
</testcase>
<testcase classname="Lookup a friend from facebook friend list" name="MakePost functionality verification" time="8.518838">
<skipped><![CDATA[Given User can log in to facebook using userid as "asmenterprise.llc@gmail.com" and password as "ctg310306".passed
And User profile has been loaded successfully...............................passed
When User will make new post................................................undefined
Then It wil be visible in timeline..........................................undefined
]]></skipped>
</testcase>
<testcase classname="Lookup a friend from facebook friend list" name="About Functionality verification" time="23.527796">
<system-out><![CDATA[Given User can log in to facebook using userid as "asmenterprise.llc@gmail.com" and password as "ctg310306".passed
And User profile has been loaded successfully...............................passed
When Navigate to "About"....................................................passed
Then About tab has this feature option "Work and Education".................passed
]]></system-out>
</testcase>
</testsuite>
