<?xml version="1.0" encoding="UTF-8"?>
<testsuite xmlns:xsi="http://www.w3.org/2001/XMLSchema-instance" xsi:schemaLocation="https://maven.apache.org/surefire/maven-surefire-plugin/xsd/surefire-test-report.xsd" name="application.TestSuite" time="28.348" tests="2" errors="1" skipped="0" failures="0">
  <properties>
[...]
</properties>
  <testcase name="Search for Friends" classname="Lookup a friend from facebook friend list" time="10.649"/>
  <testcase name="Find friends feature Verification" classname="As a Facebook User" time="14.609">
    <error message="The following error occurred: Expected condition failed: waiting for TopMenuBarPage.btn_frnd_req to be displayed (tried for 5 second(s) with 100 MILLISECONDS interval)&#10;Build info: version: &apos;3.7.1&apos;, revision: &apos;8a0099a&apos;, time: &apos;2017-11-06T21:01:39.354Z&apos;&#10;System info: host: &apos;Mousumys-MacBook-Pro.local&apos;, ip: &apos;fe80:0:0:0:14c9:467b:1d4b:953%en0&apos;, os.name: &apos;Mac OS X&apos;, os.arch: &apos;x86_64&apos;, os.version: &apos;10.12.5&apos;, java.version: &apos;1.8.0_151&apos;&#10;Driver info: driver.version: unknown" type="net.serenitybdd.core.exceptions.SerenityManagedException">net.serenitybdd.core.exceptions.SerenityManagedException: 
The following error occurred: Expected condition failed: waiting for TopMenuBarPage.btn_frnd_req to be displayed (tried for 5 second(s) with 100 MILLISECONDS interval)
Build info: version: '3.7.1', revision: '8a0099a', time: '2017-11-06T21:01:39.354Z'
System info: host: 'Mousumys-MacBook-Pro.local', ip: 'fe80:0:0:0:14c9:467b:1d4b:953%en0', os.name: 'Mac OS X', os.arch: 'x86_64', os.version: '10.12.5', java.version: '1.8.0_151'
Driver info: driver.version: unknown
Caused by: org.openqa.selenium.TimeoutException: 
Expected condition failed: waiting for TopMenuBarPage.btn_frnd_req to be displayed (tried for 5 second(s) with 100 MILLISECONDS interval)
Build info: version: '3.7.1', revision: '8a0099a', time: '2017-11-06T21:01:39.354Z'
System info: host: 'Mousumys-MacBook-Pro.local', ip: 'fe80:0:0:0:14c9:467b:1d4b:953%en0', os.name: 'Mac OS X', os.arch: 'x86_64', os.version: '10.12.5', java.version: '1.8.0_151'
Driver info: driver.version: unknown
</error>
    <system-err><![CDATA[Dec 31, 2017 8:54:29 PM org.openqa.selenium.remote.ProtocolHandshake createSession
INFO: Detected dialect: OSS
[INFO] Facebook login has been succesful
[INFO] Landing Page title = Enter Asm
[main] ERROR net.serenitybdd.core.Serenity - &amp#27;[91m
           __  _____ _____ ____ _____   _____ _    ___ _     _____ ____  
  _       / / |_   _| ____/ ___|_   _| |  ___/ \  |_ _| |   | ____|  _ \ 
 (_)_____| |    | | |  _| \___ \ | |   | |_ / _ \  | || |   |  _| | | | |
  _|_____| |    | | | |___ ___) || |   |  _/ ___ \ | || |___| |___| |_| |
 (_)     | |    |_| |_____|____/ |_|   |_|/_/   \_\___|_____|_____|____/ 
          \_\                                                            

TEST FAILED WITH ERROR: Find friends feature Verification
---------------------------------------------------------------------&amp#27;[0m
[main] ERROR net.serenitybdd.core.Serenity - &amp#27;[91mTEST FAILED AT STEP Sending request&amp#27;[0m
[main] ERROR net.serenitybdd.core.Serenity - The following error occurred: Expected condition failed: waiting for TopMenuBarPage.btn_frnd_req to be displayed (tried for 5 second(s) with 100 MILLISECONDS interval)Build info: version: '3.7.1', revision: '8a0099a', time: '2017-11-06T21:01:39.354Z'System info: host: 'Mousumys-MacBook-Pro.local', ip: 'fe80:0:0:0:14c9:467b:1d4b:953%en0', os.name: 'Mac OS X', os.arch: 'x86_64', os.version: '10.12.5', java.version: '1.8.0_151'Driver info: driver.version: unknownFor documentation on this error, please visit: http://seleniumhq.org/exceptionso_such_element.htmlBuild info: version: '3.7.1', revision: '8a0099a', time: '2017-11-06T21:01:39.354Z'System info: host: 'Mousumys-MacBook-Pro.local', ip: 'fe80:0:0:0:14c9:467b:1d4b:953%en0', os.name: 'Mac OS X', os.arch: 'x86_64', os.version: '10.12.5', java.version: '1.8.0_151'Driver info: driver.version: unknown
]]></system-err>
  </testcase>
</testsuite>