<?xml version="1.0" encoding="UTF-8"?>
<testsuite xmlns:xsi="http://www.w3.org/2001/XMLSchema-instance" xsi:schemaLocation="https://maven.apache.org/surefire/maven-surefire-plugin/xsd/surefire-test-report.xsd" name="application.TestSuite" time="81.042" tests="2" errors="1" skipped="0" failures="0">
  <properties>
[...]
</properties>
  <testcase name="EditPost functionality verification" classname="Lookup a friend from facebook friend list" time="54.353">
    <error message="The following error occurred: Timed out after 30 seconds. List elements not visible&#10;For documentation on this error, please visit: http://seleniumhq.org/exceptions/no_such_element.html&#10;Build info: version: &apos;3.7.1&apos;, revision: &apos;8a0099a&apos;, time: &apos;2017-11-06T21:01:39.354Z&apos;&#10;System info: host: &apos;THINKPAD-PC&apos;, ip: &apos;192.168.1.186&apos;, os.name: &apos;Windows 10&apos;, os.arch: &apos;amd64&apos;, os.version: &apos;10.0&apos;, java.version: &apos;1.8.0_144&apos;&#10;Driver info: driver.version: unknown" type="net.serenitybdd.core.exceptions.SerenityManagedException">net.serenitybdd.core.exceptions.SerenityManagedException: 
The following error occurred: Timed out after 30 seconds. List elements not visible
For documentation on this error, please visit: http://seleniumhq.org/exceptions/no_such_element.html
Build info: version: '3.7.1', revision: '8a0099a', time: '2017-11-06T21:01:39.354Z'
System info: host: 'THINKPAD-PC', ip: '192.168.1.186', os.name: 'Windows 10', os.arch: 'amd64', os.version: '10.0', java.version: '1.8.0_144'
Driver info: driver.version: unknown
</error>
    <system-out><![CDATA[XXX Created runtime cucumber.runtime.RuntimeOptions@a3d8174
]]></system-out>
    <system-err><![CDATA[Starting ChromeDriver 2.34.522940 (1a76f96f66e3ca7b8e57d503b4dd3bccfba87af1) on port 20348
Only local connections are allowed.
Dec 25, 2017 8:32:01 PM org.openqa.selenium.remote.ProtocolHandshake createSession
INFO: Detected dialect: OSS
[INFO] Facebook login has been succesful
[INFO] Landing Page title = Enter Asm
[INFO] Hault execution for 3 Seconds
[INFO] Hault execution for 2 Seconds
[INFO] Hide From TimeLine Has been clicked
[INFO] Hault execution for 2 Seconds
[INFO] clicked on hide
[INFO] Hault execution for 2 Seconds
[main] ERROR net.serenitybdd.core.Serenity - &amp#27;[91m
           __  _____ _____ ____ _____   _____ _    ___ _     _____ ____  
  _       / / |_   _| ____/ ___|_   _| |  ___/ \  |_ _| |   | ____|  _ \ 
 (_)_____| |    | | |  _| \___ \ | |   | |_ / _ \  | || |   |  _| | | | |
  _|_____| |    | | | |___ ___) || |   |  _/ ___ \ | || |___| |___| |_| |
 (_)     | |    |_| |_____|____/ |_|   |_|/_/   \_\___|_____|_____|____/ 
          \_\                                                            

TEST FAILED WITH ERROR: EditPost functionality verification
---------------------------------------------------------------------&amp#27;[0m
[main] ERROR net.serenitybdd.core.Serenity - &amp#27;[91mTEST FAILED AT STEP Verify edit post functionality: ChangeDate&amp#27;[0m
[main] ERROR net.serenitybdd.core.Serenity - The following error occurred: Timed out after 30 seconds. List elements not visible
]]></system-err>
  </testcase>
  <testcase name="MakePost functionality verification" classname="Lookup a friend from facebook friend list" time="22.557"/>
</testsuite>